/!\ FAILSAFE /!\  2014-02-18 00:35:07 +0000
  Status: 500 Internal Server Error
  cannot load such file -- sqlite3
    c:/Ruby193/lib/ruby/site_ruby/1.9.1/rubygems/custom_require.rb:36:in `require'
    c:/Ruby193/lib/ruby/site_ruby/1.9.1/rubygems/custom_require.rb:36:in `require'
    c:/Ruby193/lib/ruby/gems/1.9.1/gems/activesupport-2.3.5/lib/active_support/dependencies.rb:156:in `block in require'
    c:/Ruby193/lib/ruby/gems/1.9.1/gems/activesupport-2.3.5/lib/active_support/dependencies.rb:521:in `new_constants_in'
    c:/Ruby193/lib/ruby/gems/1.9.1/gems/activesupport-2.3.5/lib/active_support/dependencies.rb:156:in `require'
    c:/Ruby193/lib/ruby/gems/1.9.1/gems/activesupport-2.3.5/lib/active_support/core_ext/kernel/requires.rb:7:in `block in require_library_or_gem'
    c:/Ruby193/lib/ruby/gems/1.9.1/gems/activesupport-2.3.5/lib/active_support/core_ext/kernel/reporting.rb:11:in `silence_warnings'
    c:/Ruby193/lib/ruby/gems/1.9.1/gems/activesupport-2.3.5/lib/active_support/core_ext/kernel/requires.rb:5:in `require_library_or_gem'
    c:/Ruby193/lib/ruby/gems/1.9.1/gems/activerecord-2.3.5/lib/active_record/connection_adapters/sqlite3_adapter.rb:10:in `sqlite3_connection'
    c:/Ruby193/lib/ruby/gems/1.9.1/gems/activerecord-2.3.5/lib/active_record/connection_adapters/abstract/connection_pool.rb:223:in `new_connection'
    c:/Ruby193/lib/ruby/gems/1.9.1/gems/activerecord-2.3.5/lib/active_record/connection_adapters/abstract/connection_pool.rb:245:in `checkout_new_connection'
    c:/Ruby193/lib/ruby/gems/1.9.1/gems/activerecord-2.3.5/lib/active_record/connection_adapters/abstract/connection_pool.rb:188:in `block (2 levels) in checkout'
    c:/Ruby193/lib/ruby/gems/1.9.1/gems/activerecord-2.3.5/lib/active_record/connection_adapters/abstract/connection_pool.rb:184:in `loop'
    c:/Ruby193/lib/ruby/gems/1.9.1/gems/activerecord-2.3.5/lib/active_record/connection_adapters/abstract/connection_pool.rb:184:in `block in checkout'
    c:/Ruby193/lib/ruby/1.9.1/monitor.rb:211:in `mon_synchronize'
    c:/Ruby193/lib/ruby/gems/1.9.1/gems/activerecord-2.3.5/lib/active_record/connection_adapters/abstract/connection_pool.rb:183:in `checkout'
    c:/Ruby193/lib/ruby/gems/1.9.1/gems/activerecord-2.3.5/lib/active_record/connection_adapters/abstract/connection_pool.rb:98:in `connection'
    c:/Ruby193/lib/ruby/gems/1.9.1/gems/activerecord-2.3.5/lib/active_record/connection_adapters/abstract/connection_pool.rb:326:in `retrieve_connection'
    c:/Ruby193/lib/ruby/gems/1.9.1/gems/activerecord-2.3.5/lib/active_record/connection_adapters/abstract/connection_specification.rb:123:in `retrieve_connection'
    c:/Ruby193/lib/ruby/gems/1.9.1/gems/activerecord-2.3.5/lib/active_record/connection_adapters/abstract/connection_specification.rb:115:in `connection'
    c:/Ruby193/lib/ruby/gems/1.9.1/gems/activerecord-2.3.5/lib/active_record/query_cache.rb:9:in `cache'
    c:/Ruby193/lib/ruby/gems/1.9.1/gems/activerecord-2.3.5/lib/active_record/query_cache.rb:28:in `call'
    c:/Ruby193/lib/ruby/gems/1.9.1/gems/activerecord-2.3.5/lib/active_record/connection_adapters/abstract/connection_pool.rb:361:in `call'
    c:/Ruby193/lib/ruby/gems/1.9.1/gems/actionpack-2.3.5/lib/action_controller/string_coercion.rb:25:in `call'
    c:/Ruby193/lib/ruby/gems/1.9.1/gems/rack-1.0.1/lib/rack/head.rb:9:in `call'
    c:/Ruby193/lib/ruby/gems/1.9.1/gems/rack-1.0.1/lib/rack/methodoverride.rb:24:in `call'
    c:/Ruby193/lib/ruby/gems/1.9.1/gems/actionpack-2.3.5/lib/action_controller/params_parser.rb:15:in `call'
    c:/Ruby193/lib/ruby/gems/1.9.1/gems/actionpack-2.3.5/lib/action_controller/session/cookie_store.rb:93:in `call'
    c:/Ruby193/lib/ruby/gems/1.9.1/gems/actionpack-2.3.5/lib/action_controller/failsafe.rb:26:in `call'
    c:/Ruby193/lib/ruby/gems/1.9.1/gems/rack-1.0.1/lib/rack/lock.rb:11:in `block in call'
    <internal:prelude>:10:in `synchronize'
    c:/Ruby193/lib/ruby/gems/1.9.1/gems/rack-1.0.1/lib/rack/lock.rb:11:in `call'
    c:/Ruby193/lib/ruby/gems/1.9.1/gems/actionpack-2.3.5/lib/action_controller/dispatcher.rb:114:in `block in call'
    c:/Ruby193/lib/ruby/gems/1.9.1/gems/actionpack-2.3.5/lib/action_controller/reloader.rb:34:in `run'
    c:/Ruby193/lib/ruby/gems/1.9.1/gems/actionpack-2.3.5/lib/action_controller/dispatcher.rb:108:in `call'
    c:/Ruby193/lib/ruby/gems/1.9.1/gems/rails-2.3.5/lib/rails/rack/static.rb:31:in `call'
    c:/Ruby193/lib/ruby/gems/1.9.1/gems/rack-1.0.1/lib/rack/urlmap.rb:46:in `block in call'
    c:/Ruby193/lib/ruby/gems/1.9.1/gems/rack-1.0.1/lib/rack/urlmap.rb:40:in `each'
    c:/Ruby193/lib/ruby/gems/1.9.1/gems/rack-1.0.1/lib/rack/urlmap.rb:40:in `call'
    c:/Ruby193/lib/ruby/gems/1.9.1/gems/rails-2.3.5/lib/rails/rack/log_tailer.rb:17:in `call'
    c:/Ruby193/lib/ruby/gems/1.9.1/gems/rack-1.0.1/lib/rack/content_length.rb:13:in `call'
    c:/Ruby193/lib/ruby/gems/1.9.1/gems/rack-1.0.1/lib/rack/handler/webrick.rb:50:in `service'
    c:/Ruby193/lib/ruby/1.9.1/webrick/httpserver.rb:138:in `service'
    c:/Ruby193/lib/ruby/1.9.1/webrick/httpserver.rb:94:in `run'
    c:/Ruby193/lib/ruby/1.9.1/webrick/server.rb:191:in `block in start_thread'


Processing Rails::InfoController#properties (for 127.0.0.1 at 2014-02-18 01:26:46) [GET]
  [4;36;1mSQL (2.0ms)[0m   [0;1m SELECT name
 FROM sqlite_master
 WHERE type = 'table' AND NOT name = 'sqlite_sequence'
[0m
Completed in 64ms (View: 11, DB: 2) | 200 OK [http://127.0.0.1/rails/info/properties]
